[debug] [2021-10-21T15:01:06.658Z] ----------------------------------------------------------------------
[debug] [2021-10-21T15:01:06.660Z] Command:       C:\Program Files\nodejs\node.exe C:\Users\majot\AppData\Roaming\npm\node_modules\firebase-tools\lib\bin\firebase.js deploy
[debug] [2021-10-21T15:01:06.661Z] CLI Version:   9.18.0
[debug] [2021-10-21T15:01:06.661Z] Platform:      win32
[debug] [2021-10-21T15:01:06.661Z] Node Version:  v16.6.1
[debug] [2021-10-21T15:01:06.747Z] Time:          Thu Oct 21 2021 21:01:06 GMT+0600 (Bangladesh Standard Time)
[debug] [2021-10-21T15:01:06.748Z] ----------------------------------------------------------------------
[debug] 
[debug] [2021-10-21T15:01:06.779Z] >>> [apiv2][query] GET https://firebase-public.firebaseio.com/cli.json [none]
[debug] [2021-10-21T15:01:06.883Z] > command requires scopes: ["email","openid","https://www.googleapis.com/auth/cloudplatformprojects.readonly","https://www.googleapis.com/auth/firebase","https://www.googleapis.com/auth/cloud-platform"]
[debug] [2021-10-21T15:01:06.883Z] > authorizing via signed-in user (aktaruzzamanjoti97@gmail.com)
[debug] [2021-10-21T15:01:06.884Z] [iam] checking project education-portal-4a4df for permissions ["firebase.projects.get","firebasehosting.sites.update"]
[debug] [2021-10-21T15:01:06.885Z] > refreshing access token with scopes: ["email","https://www.googleapis.com/auth/cloud-platform","https://www.googleapis.com/auth/cloudplatformprojects.readonly","https://www.googleapis.com/auth/firebase","openid"]
[debug] [2021-10-21T15:01:06.885Z] >>> HTTP REQUEST POST https://www.googleapis.com/oauth2/v3/token  
 <request body omitted>
[debug] [2021-10-21T15:01:07.304Z] <<< HTTP RESPONSE 200 {"date":"Thu, 21 Oct 2021 15:01:08 GMT","cache-control":"no-cache, no-store, max-age=0, must-revalidate","pragma":"no-cache","expires":"Mon, 01 Jan 1990 00:00:00 GMT","content-type":"application/json; charset=utf-8","vary":"X-Origin, Referer, Origin,Accept-Encoding","server":"scaffolding on HTTPServer2","x-xss-protection":"0","x-frame-options":"SAMEORIGIN","x-content-type-options":"nosniff","alt-svc":"h3=\":443\"; ma=2592000,h3-29=\":443\"; ma=2592000,h3-Q050=\":443\"; ma=2592000,h3-Q046=\":443\"; ma=2592000,h3-Q043=\":443\"; ma=2592000","accept-ranges":"none","transfer-encoding":"chunked"}
[debug] [2021-10-21T15:01:07.448Z] >>> HTTP REQUEST POST https://cloudresourcemanager.googleapis.com/v1/projects/education-portal-4a4df:testIamPermissions  
 {"permissions":["firebase.projects.get","firebasehosting.sites.update"]}
[debug] [2021-10-21T15:01:08.164Z] <<< [apiv2][status] GET https://firebase-public.firebaseio.com/cli.json 200
[debug] [2021-10-21T15:01:08.164Z] <<< [apiv2][body] GET https://firebase-public.firebaseio.com/cli.json {"cloudBuildErrorAfter":1594252800000,"cloudBuildWarnAfter":1590019200000,"defaultNode10After":1594252800000,"minVersion":"3.0.5","node8DeploysDisabledAfter":1613390400000,"node8RuntimeDisabledAfter":1615809600000,"node8WarnAfter":1600128000000}
[debug] [2021-10-21T15:01:09.338Z] <<< HTTP RESPONSE 200 {"content-type":"application/json; charset=UTF-8","vary":"X-Origin, Referer, Origin,Accept-Encoding","date":"Thu, 21 Oct 2021 15:01:10 GMT","server":"ESF","cache-control":"private","x-xss-protection":"0","x-frame-options":"SAMEORIGIN","x-content-type-options":"nosniff","server-timing":"gfet4t7; dur=1568","alt-svc":"h3=\":443\"; ma=2592000,h3-29=\":443\"; ma=2592000,h3-T051=\":443\"; ma=2592000,h3-Q050=\":443\"; ma=2592000,h3-Q046=\":443\"; ma=2592000,h3-Q043=\":443\"; ma=2592000,quic=\":443\"; ma=2592000; v=\"46,43\"","accept-ranges":"none","transfer-encoding":"chunked"}
[debug] [2021-10-21T15:01:09.339Z] [iam] error while checking permissions, command may fail: FirebaseError: Authorization failed. This account is missing the following required permissions on project education-portal-4a4df:

  firebase.projects.get
  firebasehosting.sites.update
[debug] [2021-10-21T15:01:09.339Z] > refreshing access token with scopes: []
[debug] [2021-10-21T15:01:09.339Z] >>> HTTP REQUEST POST https://www.googleapis.com/oauth2/v3/token  
 <request body omitted>
[debug] [2021-10-21T15:01:09.627Z] <<< HTTP RESPONSE 200 {"pragma":"no-cache","cache-control":"no-cache, no-store, max-age=0, must-revalidate","expires":"Mon, 01 Jan 1990 00:00:00 GMT","date":"Thu, 21 Oct 2021 15:01:10 GMT","content-type":"application/json; charset=utf-8","vary":"X-Origin, Referer, Origin,Accept-Encoding","server":"scaffolding on HTTPServer2","x-xss-protection":"0","x-frame-options":"SAMEORIGIN","x-content-type-options":"nosniff","alt-svc":"h3=\":443\"; ma=2592000,h3-29=\":443\"; ma=2592000,h3-Q050=\":443\"; ma=2592000,h3-Q046=\":443\"; ma=2592000,h3-Q043=\":443\"; ma=2592000","accept-ranges":"none","transfer-encoding":"chunked"}
[debug] [2021-10-21T15:01:09.792Z] >>> [apiv2][query] GET https://firebase.googleapis.com/v1beta1/projects/education-portal-4a4df [none]
[debug] [2021-10-21T15:01:10.464Z] <<< [apiv2][status] GET https://firebase.googleapis.com/v1beta1/projects/education-portal-4a4df 403
[debug] [2021-10-21T15:01:10.464Z] <<< [apiv2][body] GET https://firebase.googleapis.com/v1beta1/projects/education-portal-4a4df {"error":{"code":403,"message":"The caller does not have permission","status":"PERMISSION_DENIED"}}
[debug] [2021-10-21T15:01:10.465Z] HTTP Error: 403, The caller does not have permission
[debug] [2021-10-21T15:01:12.100Z] FirebaseError: HTTP Error: 403, The caller does not have permission
    at module.exports (C:\Users\majot\AppData\Roaming\npm\node_modules\firebase-tools\lib\responseToError.js:38:12)
    at Client.doRequest (C:\Users\majot\AppData\Roaming\npm\node_modules\firebase-tools\lib\apiv2.js:238:23)
    at processTicksAndRejections (node:internal/process/task_queues:96:5)
    at async Client.request (C:\Users\majot\AppData\Roaming\npm\node_modules\firebase-tools\lib\apiv2.js:96:20)
    at async Object.getFirebaseProject (C:\Users\majot\AppData\Roaming\npm\node_modules\firebase-tools\lib\management\projects.js:290:21)
    at async Object.getDefaultHostingSite (C:\Users\majot\AppData\Roaming\npm\node_modules\firebase-tools\lib\getDefaultHostingSite.js:8:21)
    at async requireHostingSite (C:\Users\majot\AppData\Roaming\npm\node_modules\firebase-tools\lib\requireHostingSite.js:9:18)
    at async Object.fn (C:\Users\majot\AppData\Roaming\npm\node_modules\firebase-tools\lib\commands\deploy.js:65:9)
    at async C:\Users\majot\AppData\Roaming\npm\node_modules\firebase-tools\lib\command.js:188:17
[error] 
[error] Error: Failed to get Firebase project education-portal-4a4df. Please make sure the project exists and your account has permission to access it.
[debug] [2021-10-21T15:09:26.576Z] ----------------------------------------------------------------------
[debug] [2021-10-21T15:09:26.578Z] Command:       C:\Program Files\nodejs\node.exe C:\Users\majot\AppData\Roaming\npm\node_modules\firebase-tools\lib\bin\firebase.js deploy
[debug] [2021-10-21T15:09:26.579Z] CLI Version:   9.18.0
[debug] [2021-10-21T15:09:26.579Z] Platform:      win32
[debug] [2021-10-21T15:09:26.579Z] Node Version:  v16.6.1
[debug] [2021-10-21T15:09:26.580Z] Time:          Thu Oct 21 2021 21:09:26 GMT+0600 (Bangladesh Standard Time)
[debug] [2021-10-21T15:09:26.580Z] ----------------------------------------------------------------------
[debug] 
[debug] [2021-10-21T15:09:26.640Z] > command requires scopes: ["email","openid","https://www.googleapis.com/auth/cloudplatformprojects.readonly","https://www.googleapis.com/auth/firebase","https://www.googleapis.com/auth/cloud-platform"]
[debug] [2021-10-21T15:09:26.641Z] > authorizing via signed-in user (aktaruzzamanjoti97@gmail.com)
[debug] [2021-10-21T15:09:26.641Z] [iam] checking project education-portal-4a4df for permissions ["firebase.projects.get","firebasehosting.sites.update"]
[debug] [2021-10-21T15:09:26.643Z] > refreshing access token with scopes: ["email","https://www.googleapis.com/auth/cloud-platform","https://www.googleapis.com/auth/cloudplatformprojects.readonly","https://www.googleapis.com/auth/firebase","openid"]
[debug] [2021-10-21T15:09:26.643Z] >>> HTTP REQUEST POST https://www.googleapis.com/oauth2/v3/token  
 <request body omitted>
[debug] [2021-10-21T15:09:27.378Z] <<< HTTP RESPONSE 200 {"expires":"Mon, 01 Jan 1990 00:00:00 GMT","pragma":"no-cache","date":"Thu, 21 Oct 2021 15:09:28 GMT","cache-control":"no-cache, no-store, max-age=0, must-revalidate","content-type":"application/json; charset=utf-8","vary":"X-Origin, Referer, Origin,Accept-Encoding","server":"scaffolding on HTTPServer2","x-xss-protection":"0","x-frame-options":"SAMEORIGIN","x-content-type-options":"nosniff","alt-svc":"h3=\":443\"; ma=2592000,h3-29=\":443\"; ma=2592000,h3-Q050=\":443\"; ma=2592000,h3-Q046=\":443\"; ma=2592000,h3-Q043=\":443\"; ma=2592000","accept-ranges":"none","transfer-encoding":"chunked"}
[debug] [2021-10-21T15:09:27.428Z] >>> HTTP REQUEST POST https://cloudresourcemanager.googleapis.com/v1/projects/education-portal-4a4df:testIamPermissions  
 {"permissions":["firebase.projects.get","firebasehosting.sites.update"]}
[debug] [2021-10-21T15:09:29.567Z] <<< HTTP RESPONSE 200 {"content-type":"application/json; charset=UTF-8","vary":"X-Origin, Referer, Origin,Accept-Encoding","date":"Thu, 21 Oct 2021 15:09:30 GMT","server":"ESF","cache-control":"private","x-xss-protection":"0","x-frame-options":"SAMEORIGIN","x-content-type-options":"nosniff","server-timing":"gfet4t7; dur=1518","alt-svc":"h3=\":443\"; ma=2592000,h3-29=\":443\"; ma=2592000,h3-Q050=\":443\"; ma=2592000,h3-Q046=\":443\"; ma=2592000,h3-Q043=\":443\"; ma=2592000","accept-ranges":"none","transfer-encoding":"chunked"}
[debug] [2021-10-21T15:09:29.567Z] [iam] error while checking permissions, command may fail: FirebaseError: Authorization failed. This account is missing the following required permissions on project education-portal-4a4df:

  firebase.projects.get
  firebasehosting.sites.update
[debug] [2021-10-21T15:09:29.569Z] > refreshing access token with scopes: []
[debug] [2021-10-21T15:09:29.569Z] >>> HTTP REQUEST POST https://www.googleapis.com/oauth2/v3/token  
 <request body omitted>
[debug] [2021-10-21T15:09:29.837Z] <<< HTTP RESPONSE 200 {"expires":"Mon, 01 Jan 1990 00:00:00 GMT","pragma":"no-cache","cache-control":"no-cache, no-store, max-age=0, must-revalidate","date":"Thu, 21 Oct 2021 15:09:30 GMT","content-type":"application/json; charset=utf-8","vary":"X-Origin, Referer, Origin,Accept-Encoding","server":"scaffolding on HTTPServer2","x-xss-protection":"0","x-frame-options":"SAMEORIGIN","x-content-type-options":"nosniff","alt-svc":"h3=\":443\"; ma=2592000,h3-29=\":443\"; ma=2592000,h3-Q050=\":443\"; ma=2592000,h3-Q046=\":443\"; ma=2592000,h3-Q043=\":443\"; ma=2592000","accept-ranges":"none","transfer-encoding":"chunked"}
[debug] [2021-10-21T15:09:29.921Z] >>> [apiv2][query] GET https://firebase.googleapis.com/v1beta1/projects/education-portal-4a4df [none]
[debug] [2021-10-21T15:09:32.159Z] <<< [apiv2][status] GET https://firebase.googleapis.com/v1beta1/projects/education-portal-4a4df 403
[debug] [2021-10-21T15:09:32.159Z] <<< [apiv2][body] GET https://firebase.googleapis.com/v1beta1/projects/education-portal-4a4df {"error":{"code":403,"message":"The caller does not have permission","status":"PERMISSION_DENIED"}}
[debug] [2021-10-21T15:09:32.160Z] HTTP Error: 403, The caller does not have permission
[debug] [2021-10-21T15:09:32.476Z] FirebaseError: HTTP Error: 403, The caller does not have permission
    at module.exports (C:\Users\majot\AppData\Roaming\npm\node_modules\firebase-tools\lib\responseToError.js:38:12)
    at Client.doRequest (C:\Users\majot\AppData\Roaming\npm\node_modules\firebase-tools\lib\apiv2.js:238:23)
    at processTicksAndRejections (node:internal/process/task_queues:96:5)
    at async Client.request (C:\Users\majot\AppData\Roaming\npm\node_modules\firebase-tools\lib\apiv2.js:96:20)
    at async Object.getFirebaseProject (C:\Users\majot\AppData\Roaming\npm\node_modules\firebase-tools\lib\management\projects.js:290:21)
    at async Object.getDefaultHostingSite (C:\Users\majot\AppData\Roaming\npm\node_modules\firebase-tools\lib\getDefaultHostingSite.js:8:21)
    at async requireHostingSite (C:\Users\majot\AppData\Roaming\npm\node_modules\firebase-tools\lib\requireHostingSite.js:9:18)
    at async Object.fn (C:\Users\majot\AppData\Roaming\npm\node_modules\firebase-tools\lib\commands\deploy.js:65:9)
    at async C:\Users\majot\AppData\Roaming\npm\node_modules\firebase-tools\lib\command.js:188:17
[error] 
[error] Error: Failed to get Firebase project education-portal-4a4df. Please make sure the project exists and your account has permission to access it.
[debug] [2021-10-21T15:21:13.008Z] ----------------------------------------------------------------------
[debug] [2021-10-21T15:21:13.010Z] Command:       C:\Program Files\nodejs\node.exe C:\Users\majot\AppData\Roaming\npm\node_modules\firebase-tools\lib\bin\firebase.js deploy
[debug] [2021-10-21T15:21:13.011Z] CLI Version:   9.20.0
[debug] [2021-10-21T15:21:13.011Z] Platform:      win32
[debug] [2021-10-21T15:21:13.011Z] Node Version:  v16.6.1
[debug] [2021-10-21T15:21:13.074Z] Time:          Thu Oct 21 2021 21:21:13 GMT+0600 (Bangladesh Standard Time)
[debug] [2021-10-21T15:21:13.074Z] ----------------------------------------------------------------------
[debug] 
[debug] [2021-10-21T15:21:13.176Z] > command requires scopes: ["email","openid","https://www.googleapis.com/auth/cloudplatformprojects.readonly","https://www.googleapis.com/auth/firebase","https://www.googleapis.com/auth/cloud-platform"]
[debug] [2021-10-21T15:21:13.177Z] > authorizing via signed-in user (aktaruzzamanjoti97@gmail.com)
[debug] [2021-10-21T15:21:13.177Z] [iam] checking project education-portal-4a4df for permissions ["firebase.projects.get","firebasehosting.sites.update"]
[debug] [2021-10-21T15:21:13.179Z] > refreshing access token with scopes: ["email","https://www.googleapis.com/auth/cloud-platform","https://www.googleapis.com/auth/cloudplatformprojects.readonly","https://www.googleapis.com/auth/firebase","openid"]
[debug] [2021-10-21T15:21:13.180Z] >>> HTTP REQUEST POST https://www.googleapis.com/oauth2/v3/token  
 <request body omitted>
[debug] [2021-10-21T15:21:13.575Z] <<< HTTP RESPONSE 200 {"cache-control":"no-cache, no-store, max-age=0, must-revalidate","pragma":"no-cache","date":"Thu, 21 Oct 2021 15:21:14 GMT","expires":"Mon, 01 Jan 1990 00:00:00 GMT","content-type":"application/json; charset=utf-8","vary":"X-Origin, Referer, Origin,Accept-Encoding","server":"scaffolding on HTTPServer2","x-xss-protection":"0","x-frame-options":"SAMEORIGIN","x-content-type-options":"nosniff","alt-svc":"h3=\":443\"; ma=2592000,h3-29=\":443\"; ma=2592000,h3-T051=\":443\"; ma=2592000,h3-Q050=\":443\"; ma=2592000,h3-Q046=\":443\"; ma=2592000,h3-Q043=\":443\"; ma=2592000,quic=\":443\"; ma=2592000; v=\"46,43\"","accept-ranges":"none","transfer-encoding":"chunked"}
[debug] [2021-10-21T15:21:13.879Z] >>> HTTP REQUEST POST https://cloudresourcemanager.googleapis.com/v1/projects/education-portal-4a4df:testIamPermissions  
 {"permissions":["firebase.projects.get","firebasehosting.sites.update"]}
[debug] [2021-10-21T15:21:15.794Z] <<< HTTP RESPONSE 200 {"content-type":"application/json; charset=UTF-8","vary":"X-Origin, Referer, Origin,Accept-Encoding","date":"Thu, 21 Oct 2021 15:21:16 GMT","server":"ESF","cache-control":"private","x-xss-protection":"0","x-frame-options":"SAMEORIGIN","x-content-type-options":"nosniff","server-timing":"gfet4t7; dur=1484","alt-svc":"h3=\":443\"; ma=2592000,h3-29=\":443\"; ma=2592000,h3-T051=\":443\"; ma=2592000,h3-Q050=\":443\"; ma=2592000,h3-Q046=\":443\"; ma=2592000,h3-Q043=\":443\"; ma=2592000,quic=\":443\"; ma=2592000; v=\"46,43\"","accept-ranges":"none","transfer-encoding":"chunked"}
[debug] [2021-10-21T15:21:15.794Z] [iam] error while checking permissions, command may fail: FirebaseError: Authorization failed. This account is missing the following required permissions on project education-portal-4a4df:

  firebase.projects.get
  firebasehosting.sites.update
[debug] [2021-10-21T15:21:15.796Z] > refreshing access token with scopes: []
[debug] [2021-10-21T15:21:15.796Z] >>> HTTP REQUEST POST https://www.googleapis.com/oauth2/v3/token  
 <request body omitted>
[debug] [2021-10-21T15:21:18.101Z] <<< HTTP RESPONSE 200 {"expires":"Mon, 01 Jan 1990 00:00:00 GMT","cache-control":"no-cache, no-store, max-age=0, must-revalidate","pragma":"no-cache","date":"Thu, 21 Oct 2021 15:21:19 GMT","content-type":"application/json; charset=utf-8","vary":"X-Origin, Referer, Origin,Accept-Encoding","server":"scaffolding on HTTPServer2","x-xss-protection":"0","x-frame-options":"SAMEORIGIN","x-content-type-options":"nosniff","alt-svc":"h3=\":443\"; ma=2592000,h3-29=\":443\"; ma=2592000,h3-T051=\":443\"; ma=2592000,h3-Q050=\":443\"; ma=2592000,h3-Q046=\":443\"; ma=2592000,h3-Q043=\":443\"; ma=2592000,quic=\":443\"; ma=2592000; v=\"46,43\"","accept-ranges":"none","transfer-encoding":"chunked"}
[debug] [2021-10-21T15:21:18.226Z] >>> [apiv2][query] GET https://firebase.googleapis.com/v1beta1/projects/education-portal-4a4df [none]
[debug] [2021-10-21T15:21:20.778Z] <<< [apiv2][status] GET https://firebase.googleapis.com/v1beta1/projects/education-portal-4a4df 403
[debug] [2021-10-21T15:21:20.778Z] <<< [apiv2][body] GET https://firebase.googleapis.com/v1beta1/projects/education-portal-4a4df {"error":{"code":403,"message":"The caller does not have permission","status":"PERMISSION_DENIED"}}
[debug] [2021-10-21T15:21:20.778Z] HTTP Error: 403, The caller does not have permission
[debug] [2021-10-21T15:21:22.067Z] FirebaseError: HTTP Error: 403, The caller does not have permission
    at module.exports (C:\Users\majot\AppData\Roaming\npm\node_modules\firebase-tools\lib\responseToError.js:38:12)
    at Client.doRequest (C:\Users\majot\AppData\Roaming\npm\node_modules\firebase-tools\lib\apiv2.js:238:23)
    at processTicksAndRejections (node:internal/process/task_queues:96:5)
    at async Client.request (C:\Users\majot\AppData\Roaming\npm\node_modules\firebase-tools\lib\apiv2.js:96:20)
    at async Object.getFirebaseProject (C:\Users\majot\AppData\Roaming\npm\node_modules\firebase-tools\lib\management\projects.js:290:21)
    at async Object.getDefaultHostingSite (C:\Users\majot\AppData\Roaming\npm\node_modules\firebase-tools\lib\getDefaultHostingSite.js:8:21)
    at async requireHostingSite (C:\Users\majot\AppData\Roaming\npm\node_modules\firebase-tools\lib\requireHostingSite.js:9:18)
    at async Object.fn (C:\Users\majot\AppData\Roaming\npm\node_modules\firebase-tools\lib\commands\deploy.js:65:9)
    at async C:\Users\majot\AppData\Roaming\npm\node_modules\firebase-tools\lib\command.js:188:17
[error] 
[error] Error: Failed to get Firebase project education-portal-4a4df. Please make sure the project exists and your account has permission to access it.
